\BOOKMARK [1][-]{section.1}{\376\377\000M\000u\000l\000t\000i\000p\000l\000e\000\040\000C\000h\000o\000i\000c\000e}{}% 1
\BOOKMARK [2][-]{subsection.1.1}{\376\377\0001\000.\000\040\000\050\000d\000\051}{section.1}% 2
\BOOKMARK [2][-]{subsection.1.2}{\376\377\0002\000.\000\040\000\050\000c\000\051}{section.1}% 3
\BOOKMARK [2][-]{subsection.1.3}{\376\377\0003\000.\000\040\000\050\000a\000\051}{section.1}% 4
\BOOKMARK [2][-]{subsection.1.4}{\376\377\0004\000.\000\040\000\050\000a\000\051}{section.1}% 5
\BOOKMARK [2][-]{subsection.1.5}{\376\377\0005\000.\000\040\000\050\000a\000\051}{section.1}% 6
\BOOKMARK [2][-]{subsection.1.6}{\376\377\0006\000.\000\040\000\050\000b\000\051}{section.1}% 7
\BOOKMARK [2][-]{subsection.1.7}{\376\377\0007\000.\000\040\000\050\000c\000\051}{section.1}% 8
\BOOKMARK [2][-]{subsection.1.8}{\376\377\0008\000.\000\040\000\050\000c\000\051}{section.1}% 9
\BOOKMARK [2][-]{subsection.1.9}{\376\377\0009\000.\000\040\000\050\000d\000\051}{section.1}% 10
\BOOKMARK [2][-]{subsection.1.10}{\376\377\0001\0000\000.\000\040\000\050\000b\000\051}{section.1}% 11
\BOOKMARK [1][-]{section.2}{\376\377\000C\000o\000d\000i\000n\000g}{}% 12
\BOOKMARK [2][-]{subsection.2.1}{\376\377\0001\0001\000.\000\040\000\050\000c\000\051}{section.2}% 13
\BOOKMARK [2][-]{subsection.2.2}{\376\377\0001\0002\000.\000\040\000\050\000b\000\051}{section.2}% 14
\BOOKMARK [2][-]{subsection.2.3}{\376\377\0001\0003\000\040\000\050\000b\000\051}{section.2}% 15
\BOOKMARK [2][-]{subsection.2.4}{\376\377\0001\0004\000.\000\040\000\050\000d\000\051}{section.2}% 16
\BOOKMARK [2][-]{subsection.2.5}{\376\377\0001\0005\000.\000\040\000\050\000c\000\051}{section.2}% 17
\BOOKMARK [2][-]{subsection.2.6}{\376\377\0001\0006\000.\000\040\000\050\000a\000\051}{section.2}% 18
\BOOKMARK [2][-]{subsection.2.7}{\376\377\0001\0007\000.\000\040\000\050\000a\000\051}{section.2}% 19
\BOOKMARK [2][-]{subsection.2.8}{\376\377\0001\0008\000.\000\040\000\050\000c\000\051}{section.2}% 20
\BOOKMARK [2][-]{subsection.2.9}{\376\377\0001\0009\000\040\000\050\000a\000\051}{section.2}% 21
\BOOKMARK [2][-]{subsection.2.10}{\376\377\0002\0000\000\040\000\050\000a\000\051}{section.2}% 22
\BOOKMARK [1][-]{section.3}{\376\377\000C\000o\000d\000e\000\040\000R\000e\000f\000e\000r\000e\000n\000c\000e}{}% 23
